C51 COMPILER V9.59.0.0   MAIN                                                              04/23/2020 14:36:43 PAGE 1   


C51 COMPILER V9.59.0.0, COMPILATION OF MODULE MAIN
OBJECT MODULE PLACED IN .\Objects\main.obj
COMPILER INVOKED BY: C:\Keil_v5\C51\BIN\C51.EXE main.c OPTIMIZE(8,SPEED) BROWSE DEBUG OBJECTEXTEND PRINT(.\Listings\main
                    -.lst) OBJECT(.\Objects\main.obj)

line level    source

   1          #include "reg52.h"
   2          
   3          //时间参数设置
   4          #define WASHINE_TIME 30*60 //洗涤时间
   5          #define RELEASE_TIME 2*60 //放水时间
   6          #define DRY_TIME     5*60 //甩干时间
   7          #define STOP_TIME    45 //等待刹车时间
   8          
   9          //#define WASHINE_TIME 30 //洗涤时间
  10          //#define RELEASE_TIME 10 //放水时间
  11          //#define DRY_TIME     60 //甩干时间
  12          //#define STOP_TIME    35 //等待刹车时间
  13          
  14          //继电器引脚定义
  15          sbit rotate1      = P1^3;
  16          sbit rotate2      = P1^2;
  17          sbit release      = P1^1;
  18          
  19          //蜂鸣器引脚定义
  20          sbit beep         = P1^5;
  21          
  22          //时间状态变量，用于判断时间在洗涤时间，放水时间，脱水时间，从而控制电机
  23          //unsigned int timeState = WASHINE_TIME + RELEASE_TIME + DRY_TIME + STOP_TIME;
  24          unsigned int timeState=0;
  25          unsigned char rotateChagneTime = 0;// 电机翻转时间
  26          unsigned char Time0time = 0;  //定时器0 计时时间
  27          unsigned char dryReadTime = 0; //甩干启动时间
  28          //全部结束时蜂鸣器响标志
  29          unsigned char beeFlag = 0;
  30          
  31          //按键定义
  32          sbit startStopKey = P3^7;
  33          sbit releaseKey   = P3^5;
  34          
  35          //延时函数
  36          void delay(unsigned int i)
  37          {
  38   1              while(i--);
  39   1      }
  40          //定时器初始化
  41          void InitTimer0(void)//定时器初始化 定时 50,000ms
  42          {
  43   1          TMOD = 0x01;
  44   1          TH0  = 0x4C;
  45   1          TL0  = 0x00;
  46   1          EA   = 1;
  47   1          ET0  = 1;
  48   1          TR0  = 1;
  49   1      }
  50          //设置启动或停止洗涤
  51          void washineStartStopSetting(void)
  52          {
  53   1              static char flag = 1;
  54   1              if(flag)
C51 COMPILER V9.59.0.0   MAIN                                                              04/23/2020 14:36:43 PAGE 2   

  55   1              {
  56   2                      //重置时间参数，使其开始洗涤
  57   2                      timeState = WASHINE_TIME + RELEASE_TIME + DRY_TIME + STOP_TIME;
  58   2                      
  59   2                      //蜂鸣器响
  60   2                      beep = 0;
  61   2                      delay(65535);delay(65535);delay(65535);
  62   2                      beep = 1;
  63   2              }
  64   1              else
  65   1              {
  66   2                      //重置时间参数，使其开始停止洗涤
  67   2                      timeState = 0;
  68   2                      
  69   2                      //蜂鸣器响
  70   2                      beep = 0;
  71   2                      delay(65535);delay(65535);delay(65535);
  72   2                      beep = 1;
  73   2                      delay(65535);delay(65535);delay(65535);
  74   2                      beep = 0;
  75   2                      delay(65535);delay(65535);delay(65535);
  76   2                      beep = 1;
  77   2              }
  78   1              flag=!flag;
  79   1      }
  80          
  81          //设置启动或停止放水/脱水
  82          void releaseStartStopSetting(void)
  83          {
  84   1              static char flag = 1;
  85   1              if(flag)
  86   1              {
  87   2                      //重置时间参数，使其开始放水和脱水
  88   2                      timeState =  RELEASE_TIME + DRY_TIME + STOP_TIME;
  89   2                      
  90   2                      //蜂鸣器响
  91   2                      beep = 0;
  92   2                      delay(65535);delay(65535);delay(65535);
  93   2                      beep = 1;
  94   2              }
  95   1              else
  96   1              {
  97   2                      if(timeState>(DRY_TIME + STOP_TIME))//如果正在放水，直接停止
  98   2                      {
  99   3                              //重置时间参数，使其停止工作
 100   3                              timeState =  0;
 101   3                      }
 102   2                      else//如果正在甩干，直接进入等待刹车
 103   2                      {
 104   3                              
 105   3                              timeState =  STOP_TIME;//等待甩干停止
 106   3                      }
 107   2                      //蜂鸣器响
 108   2                      beep = 0;
 109   2                      delay(65535);delay(65535);delay(65535);
 110   2                      beep = 1;
 111   2                      delay(65535);delay(65535);delay(65535);
 112   2                      //蜂鸣器响
 113   2                      beep = 0;
 114   2                      delay(65535);delay(65535);delay(65535);
 115   2                      beep = 1;
 116   2              }
C51 COMPILER V9.59.0.0   MAIN                                                              04/23/2020 14:36:43 PAGE 3   

 117   1              
 118   1              flag=!flag;
 119   1      }
 120          void main(void)
 121          {
 122   1              InitTimer0();
 123   1              beep = 0;
 124   1              delay(65535);delay(65535);delay(65535);
 125   1              delay(65535);delay(65535);delay(65535);
 126   1              delay(65535);delay(65535);delay(65535);
 127   1              beep = 1;
 128   1              while(1)
 129   1              {
 130   2                      //启动停止按下
 131   2                      if(startStopKey==0)
 132   2                      {
 133   3                              delay(5000);//延时消抖
 134   3                              if(startStopKey==0)
 135   3                              {
 136   4                                      //如果没有在脱水，才开始洗涤，避免快速切换状态导致损坏
 137   4                                      if(timeState==0 || timeState>(RELEASE_TIME + DRY_TIME + STOP_TIME))
 138   4                                      {
 139   5                                              washineStartStopSetting();//启动或停止洗涤
 140   5                                              rotateChagneTime = 0;
 141   5                                              Time0time=0;
 142   5                                              
 143   5                                              rotate1 = 1;
 144   5                                              rotate2 = 1;
 145   5                                              release = 1;
 146   5                                              
 147   5                                      }
 148   4                              }
 149   3                              while(startStopKey==0);
 150   3                      }
 151   2                      
 152   2                      //放水/脱水按钮按下
 153   2                      if(releaseKey==0)
 154   2                      {
 155   3                              delay(5000);//延时消抖
 156   3                              if(releaseKey==0)
 157   3                              {
 158   4                                      releaseStartStopSetting();//启动或停止放水/脱水
 159   4                                      
 160   4                                      rotate1 = 1;
 161   4                                      rotate2 = 1;
 162   4                                      release = 1;
 163   4                                      
 164   4                                      
 165   4                              }
 166   3                              while(releaseKey==0);
 167   3                      }
 168   2              }
 169   1      }
 170          void Timer0Interrupt(void) interrupt 1
 171          {
 172   1              
 173   1              
 174   1              
 175   1          TH0 = 0x4C;//延时 50,000ms
 176   1          TL0 = 0x00;
 177   1              
 178   1              Time0time++;
C51 COMPILER V9.59.0.0   MAIN                                                              04/23/2020 14:36:43 PAGE 4   

 179   1              if(Time0time>=20)//计时1秒//
 180   1              {
 181   2                      Time0time=0;//
 182   2                      
 183   2                      rotateChagneTime++;
 184   2                      
 185   2                      if(timeState!=0)
 186   2                      {
 187   3                              timeState--;
 188   3                      }
 189   2                      
 190   2                      dryReadTime++;
 191   2              }
 192   1              if(timeState > RELEASE_TIME + DRY_TIME + STOP_TIME)//洗涤
 193   1              {
 194   2                      if(rotateChagneTime==0){
 195   3                              rotate1 = 1;
 196   3                              rotate2 = 0;
 197   3                      }
 198   2                      else if(rotateChagneTime==5)
 199   2                      {
 200   3                              rotate1 = 1;
 201   3                              rotate2 = 1;
 202   3                      }
 203   2                      else if(rotateChagneTime==8)
 204   2                      {
 205   3                              rotate1 = 0;
 206   3                              rotate2 = 1;
 207   3                      }
 208   2                      else if(rotateChagneTime==13)
 209   2                      {
 210   3                              rotate1 = 1;
 211   3                              rotate2 = 1;
 212   3                      }
 213   2                      else if(rotateChagneTime>=16)
 214   2                      {
 215   3                              rotateChagneTime=0;
 216   3                      }
 217   2              }
 218   1              else if(timeState > DRY_TIME + STOP_TIME)//放水
 219   1              {
 220   2                              rotate1 = 1;
 221   2                              rotate2 = 1;
 222   2                              
 223   2                              release = 0;
 224   2                      
 225   2                              dryReadTime=0 ;//脱水时间置0
 226   2              }
 227   1              else if(timeState > STOP_TIME)//脱水
 228   1              {
 229   2                              if(dryReadTime==0)
 230   2                              {       
 231   3                                      rotate1 = 0;
 232   3                                      rotate2 = 1;
 233   3                                      
 234   3                                      release = 0;
 235   3                              }
 236   2                              else if(dryReadTime==2)
 237   2                              {       
 238   3                                      rotate1 = 1;
 239   3                                      rotate2 = 1;
 240   3                                      
C51 COMPILER V9.59.0.0   MAIN                                                              04/23/2020 14:36:43 PAGE 5   

 241   3                                      release = 0;
 242   3                              }
 243   2                              else if(dryReadTime==5)
 244   2                              {       
 245   3                                      rotate1 = 0;
 246   3                                      rotate2 = 1;
 247   3                                      
 248   3                                      release = 0;
 249   3                              }
 250   2                              else if(dryReadTime==7)
 251   2                              {       
 252   3                                      rotate1 = 1;
 253   3                                      rotate2 = 1;
 254   3                                      
 255   3                                      release = 0;
 256   3                              }
 257   2                              else if(dryReadTime==10)
 258   2                              {       
 259   3                                      rotate1 = 0;
 260   3                                      rotate2 = 1;
 261   3                                      
 262   3                                      release = 0;
 263   3                              }
 264   2                              else if(dryReadTime==12)
 265   2                              {       
 266   3                                      rotate1 = 1;
 267   3                                      rotate2 = 1;
 268   3                                      
 269   3                                      release = 0;
 270   3                              }
 271   2                              else if(dryReadTime==15)
 272   2                              {       
 273   3                                      rotate1 = 0;
 274   3                                      rotate2 = 1;
 275   3                                      
 276   3                                      release = 0;
 277   3                              }
 278   2                              else if(dryReadTime==17)
 279   2                              {       
 280   3                                      rotate1 = 1;
 281   3                                      rotate2 = 1;
 282   3                                      
 283   3                                      release = 0;
 284   3                              }
 285   2                              else if(dryReadTime==20)
 286   2                              {       
 287   3                                      rotate1 = 0;
 288   3                                      rotate2 = 1;
 289   3                                      
 290   3                                      release = 0;
 291   3                              }
 292   2                              else if(dryReadTime==22)
 293   2                              {       
 294   3                                      rotate1 = 1;
 295   3                                      rotate2 = 1;
 296   3                                      
 297   3                                      release = 0;
 298   3                              }
 299   2                              else if(dryReadTime==25)
 300   2                              {       
 301   3                                      rotate1 = 0;
 302   3                                      rotate2 = 1;
C51 COMPILER V9.59.0.0   MAIN                                                              04/23/2020 14:36:43 PAGE 6   

 303   3                                      
 304   3                                      release = 0;
 305   3                              }
 306   2                              else if(dryReadTime==27)
 307   2                              {       
 308   3                                      rotate1 = 1;
 309   3                                      rotate2 = 1;
 310   3                                      
 311   3                                      release = 0;
 312   3                              }
 313   2                              else if(dryReadTime>=30)
 314   2                              {       
 315   3                                      dryReadTime=30;
 316   3                                      rotate1 = 0;
 317   3                                      rotate2 = 1;
 318   3                                      
 319   3                                      release = 0;
 320   3                              }
 321   2                      
 322   2              }
 323   1              else if(timeState > 0)//放水，等待甩干停止
 324   1              {
 325   2                      rotate1 = 1;
 326   2                      rotate2 = 1;
 327   2                      
 328   2                      release = 0;
 329   2                      
 330   2                      beeFlag = 1;//准备全部结束时蜂鸣器响
 331   2              }
 332   1              else //所有 结束
 333   1              {
 334   2                      rotate1 = 1;
 335   2                      rotate2 = 1;
 336   2                      
 337   2                      release = 1;
 338   2                      
 339   2                      //结束时 蜂鸣器 滴滴 几 声
 340   2                      if(beeFlag==1)
 341   2                      {
 342   3                              beeFlag = 0;
 343   3                              
 344   3                              beep = 0;
 345   3                              delay(65535);delay(65535);delay(65535);
 346   3                              beep = 1;
 347   3                              delay(65535);delay(65535);delay(65535);
 348   3                              beep = 0;
 349   3                              delay(65535);delay(65535);delay(65535);
 350   3                              beep = 1;
 351   3                              delay(65535);delay(65535);delay(65535);
 352   3                              beep = 0;
 353   3                              delay(65535);delay(65535);delay(65535);
 354   3                              beep = 1;
 355   3                              delay(65535);delay(65535);delay(65535);
 356   3                              beep = 0;
 357   3                              delay(65535);delay(65535);delay(65535);
 358   3                              beep = 1;
 359   3                              delay(65535);delay(65535);delay(65535);
 360   3                              beep = 0;
 361   3                              delay(65535);delay(65535);delay(65535);
 362   3                              beep = 1;
 363   3                              delay(65535);delay(65535);delay(65535);
 364   3                              beep = 0;
C51 COMPILER V9.59.0.0   MAIN                                                              04/23/2020 14:36:43 PAGE 7   

 365   3                              delay(65535);delay(65535);delay(65535);
 366   3                              beep = 1;
 367   3      
 368   3                      }
 369   2                      
 370   2              }
 371   1      }


MODULE INFORMATION:   STATIC OVERLAYABLE
   CODE SIZE        =    681    ----
   CONSTANT SIZE    =   ----    ----
   XDATA SIZE       =   ----    ----
   PDATA SIZE       =   ----    ----
   DATA SIZE        =      8    ----
   IDATA SIZE       =   ----    ----
   BIT SIZE         =   ----    ----
END OF MODULE INFORMATION.


C51 COMPILATION COMPLETE.  0 WARNING(S),  0 ERROR(S)
